<?xml version="1.0" encoding="UTF-8"?>
<testng-results ignored="0" total="7" passed="7" failed="0" skipped="0">
  <reporter-output>
  </reporter-output>
  <suite started-at="2024-04-21T11:51:13 IST" name="Default suite" finished-at="2024-04-21T11:51:18 IST" duration-ms="4795">
    <groups>
    </groups>
    <test started-at="2024-04-21T11:51:13 IST" name="Default test" finished-at="2024-04-21T11:51:18 IST" duration-ms="4795">
      <class name="com.synechron.restapi.Training.response.jsonpath.ValidateResponseBodyUsingJsonPath">
        <test-method is-config="true" signature="getResponse()[pri:0, instance:com.synechron.restapi.Training.response.jsonpath.ValidateResponseBodyUsingJsonPath@74235045]" started-at="2024-04-21T11:51:13 IST" name="getResponse" finished-at="2024-04-21T11:51:16 IST" duration-ms="3001" status="PASS">
          <reporter-output>
          </reporter-output>
        </test-method> <!-- getResponse -->
        <test-method is-config="true" signature="beforeTest()[pri:0, instance:com.synechron.restapi.Training.response.jsonpath.ValidateResponseBodyUsingJsonPath@74235045]" started-at="2024-04-21T11:51:16 IST" name="beforeTest" finished-at="2024-04-21T11:51:16 IST" duration-ms="1" status="PASS">
          <reporter-output>
          </reporter-output>
        </test-method> <!-- beforeTest -->
        <test-method signature="getAllBGIScaled()[pri:0, instance:com.synechron.restapi.Training.response.jsonpath.ValidateResponseBodyUsingJsonPath@74235045]" started-at="2024-04-21T11:51:16 IST" name="getAllBGIScaled" finished-at="2024-04-21T11:51:17 IST" duration-ms="1052" status="PASS">
          <reporter-output>
          </reporter-output>
        </test-method> <!-- getAllBGIScaled -->
        <test-method is-config="true" signature="afterTest(org.testng.ITestResult)[pri:0, instance:com.synechron.restapi.Training.response.jsonpath.ValidateResponseBodyUsingJsonPath@74235045]" started-at="2024-04-21T11:51:17 IST" name="afterTest" finished-at="2024-04-21T11:51:17 IST" duration-ms="7" status="PASS">
          <params>
            <param index="0">
              <value>
                <![CDATA[[TestResult name=getAllBGIScaled status=SUCCESS method=ValidateResponseBodyUsingJsonPath.getAllBGIScaled()[pri:0, instance:com.synechron.restapi.Training.response.jsonpath.ValidateResponseBodyUsingJsonPath@74235045] output={null}]]]>
              </value>
            </param>
          </params>
          <reporter-output>
          </reporter-output>
        </test-method> <!-- afterTest -->
        <test-method is-config="true" signature="beforeTest()[pri:0, instance:com.synechron.restapi.Training.response.jsonpath.ValidateResponseBodyUsingJsonPath@74235045]" started-at="2024-04-21T11:51:17 IST" name="beforeTest" finished-at="2024-04-21T11:51:17 IST" duration-ms="1" status="PASS">
          <reporter-output>
          </reporter-output>
        </test-method> <!-- beforeTest -->
        <test-method signature="getAllUrlWithWidthGreaterThan1000()[pri:0, instance:com.synechron.restapi.Training.response.jsonpath.ValidateResponseBodyUsingJsonPath@74235045]" started-at="2024-04-21T11:51:17 IST" name="getAllUrlWithWidthGreaterThan1000" finished-at="2024-04-21T11:51:18 IST" duration-ms="154" status="PASS">
          <reporter-output>
          </reporter-output>
        </test-method> <!-- getAllUrlWithWidthGreaterThan1000 -->
        <test-method is-config="true" signature="afterTest(org.testng.ITestResult)[pri:0, instance:com.synechron.restapi.Training.response.jsonpath.ValidateResponseBodyUsingJsonPath@74235045]" started-at="2024-04-21T11:51:18 IST" name="afterTest" finished-at="2024-04-21T11:51:18 IST" duration-ms="1" status="PASS">
          <params>
            <param index="0">
              <value>
                <![CDATA[[TestResult name=getAllUrlWithWidthGreaterThan1000 status=SUCCESS method=ValidateResponseBodyUsingJsonPath.getAllUrlWithWidthGreaterThan1000()[pri:0, instance:com.synechron.restapi.Training.response.jsonpath.ValidateResponseBodyUsingJsonPath@74235045] output={null}]]]>
              </value>
            </param>
          </params>
          <reporter-output>
          </reporter-output>
        </test-method> <!-- afterTest -->
        <test-method is-config="true" signature="beforeTest()[pri:0, instance:com.synechron.restapi.Training.response.jsonpath.ValidateResponseBodyUsingJsonPath@74235045]" started-at="2024-04-21T11:51:18 IST" name="beforeTest" finished-at="2024-04-21T11:51:18 IST" duration-ms="0" status="PASS">
          <reporter-output>
          </reporter-output>
        </test-method> <!-- beforeTest -->
        <test-method signature="getAllWidthGreaterThan1000()[pri:0, instance:com.synechron.restapi.Training.response.jsonpath.ValidateResponseBodyUsingJsonPath@74235045]" started-at="2024-04-21T11:51:18 IST" name="getAllWidthGreaterThan1000" finished-at="2024-04-21T11:51:18 IST" duration-ms="37" status="PASS">
          <reporter-output>
          </reporter-output>
        </test-method> <!-- getAllWidthGreaterThan1000 -->
        <test-method is-config="true" signature="afterTest(org.testng.ITestResult)[pri:0, instance:com.synechron.restapi.Training.response.jsonpath.ValidateResponseBodyUsingJsonPath@74235045]" started-at="2024-04-21T11:51:18 IST" name="afterTest" finished-at="2024-04-21T11:51:18 IST" duration-ms="1" status="PASS">
          <params>
            <param index="0">
              <value>
                <![CDATA[[TestResult name=getAllWidthGreaterThan1000 status=SUCCESS method=ValidateResponseBodyUsingJsonPath.getAllWidthGreaterThan1000()[pri:0, instance:com.synechron.restapi.Training.response.jsonpath.ValidateResponseBodyUsingJsonPath@74235045] output={null}]]]>
              </value>
            </param>
          </params>
          <reporter-output>
          </reporter-output>
        </test-method> <!-- afterTest -->
        <test-method signature="getID()[pri:1, instance:com.synechron.restapi.Training.response.jsonpath.ValidateResponseBodyUsingJsonPath@74235045]" started-at="2024-04-21T11:51:18 IST" name="getID" finished-at="2024-04-21T11:51:18 IST" duration-ms="28" status="PASS">
          <reporter-output>
          </reporter-output>
        </test-method> <!-- getID -->
        <test-method is-config="true" signature="beforeTest()[pri:0, instance:com.synechron.restapi.Training.response.jsonpath.ValidateResponseBodyUsingJsonPath@74235045]" started-at="2024-04-21T11:51:18 IST" name="beforeTest" finished-at="2024-04-21T11:51:18 IST" duration-ms="0" status="PASS">
          <reporter-output>
          </reporter-output>
        </test-method> <!-- beforeTest -->
        <test-method is-config="true" signature="afterTest(org.testng.ITestResult)[pri:0, instance:com.synechron.restapi.Training.response.jsonpath.ValidateResponseBodyUsingJsonPath@74235045]" started-at="2024-04-21T11:51:18 IST" name="afterTest" finished-at="2024-04-21T11:51:18 IST" duration-ms="1" status="PASS">
          <params>
            <param index="0">
              <value>
                <![CDATA[[TestResult name=getID status=SUCCESS method=ValidateResponseBodyUsingJsonPath.getID()[pri:1, instance:com.synechron.restapi.Training.response.jsonpath.ValidateResponseBodyUsingJsonPath@74235045] output={null}]]]>
              </value>
            </param>
          </params>
          <reporter-output>
          </reporter-output>
        </test-method> <!-- afterTest -->
        <test-method is-config="true" signature="beforeTest()[pri:0, instance:com.synechron.restapi.Training.response.jsonpath.ValidateResponseBodyUsingJsonPath@74235045]" started-at="2024-04-21T11:51:18 IST" name="beforeTest" finished-at="2024-04-21T11:51:18 IST" duration-ms="1" status="PASS">
          <reporter-output>
          </reporter-output>
        </test-method> <!-- beforeTest -->
        <test-method signature="getName()[pri:2, instance:com.synechron.restapi.Training.response.jsonpath.ValidateResponseBodyUsingJsonPath@74235045]" started-at="2024-04-21T11:51:18 IST" name="getName" finished-at="2024-04-21T11:51:18 IST" duration-ms="50" status="PASS">
          <reporter-output>
          </reporter-output>
        </test-method> <!-- getName -->
        <test-method is-config="true" signature="afterTest(org.testng.ITestResult)[pri:0, instance:com.synechron.restapi.Training.response.jsonpath.ValidateResponseBodyUsingJsonPath@74235045]" started-at="2024-04-21T11:51:18 IST" name="afterTest" finished-at="2024-04-21T11:51:18 IST" duration-ms="1" status="PASS">
          <params>
            <param index="0">
              <value>
                <![CDATA[[TestResult name=getName status=SUCCESS method=ValidateResponseBodyUsingJsonPath.getName()[pri:2, instance:com.synechron.restapi.Training.response.jsonpath.ValidateResponseBodyUsingJsonPath@74235045] output={null}]]]>
              </value>
            </param>
          </params>
          <reporter-output>
          </reporter-output>
        </test-method> <!-- afterTest -->
        <test-method is-config="true" signature="beforeTest()[pri:0, instance:com.synechron.restapi.Training.response.jsonpath.ValidateResponseBodyUsingJsonPath@74235045]" started-at="2024-04-21T11:51:18 IST" name="beforeTest" finished-at="2024-04-21T11:51:18 IST" duration-ms="1" status="PASS">
          <reporter-output>
          </reporter-output>
        </test-method> <!-- beforeTest -->
        <test-method signature="getAllUrlsFrombackgroundImageScaled()[pri:3, instance:com.synechron.restapi.Training.response.jsonpath.ValidateResponseBodyUsingJsonPath@74235045]" started-at="2024-04-21T11:51:18 IST" name="getAllUrlsFrombackgroundImageScaled" finished-at="2024-04-21T11:51:18 IST" duration-ms="303" status="PASS">
          <reporter-output>
          </reporter-output>
        </test-method> <!-- getAllUrlsFrombackgroundImageScaled -->
        <test-method is-config="true" signature="afterTest(org.testng.ITestResult)[pri:0, instance:com.synechron.restapi.Training.response.jsonpath.ValidateResponseBodyUsingJsonPath@74235045]" started-at="2024-04-21T11:51:18 IST" name="afterTest" finished-at="2024-04-21T11:51:18 IST" duration-ms="1" status="PASS">
          <params>
            <param index="0">
              <value>
                <![CDATA[[TestResult name=getAllUrlsFrombackgroundImageScaled status=SUCCESS method=ValidateResponseBodyUsingJsonPath.getAllUrlsFrombackgroundImageScaled()[pri:3, instance:com.synechron.restapi.Training.response.jsonpath.ValidateResponseBodyUsingJsonPath@74235045] output={null}]]]>
              </value>
            </param>
          </params>
          <reporter-output>
          </reporter-output>
        </test-method> <!-- afterTest -->
        <test-method is-config="true" signature="beforeTest()[pri:0, instance:com.synechron.restapi.Training.response.jsonpath.ValidateResponseBodyUsingJsonPath@74235045]" started-at="2024-04-21T11:51:18 IST" name="beforeTest" finished-at="2024-04-21T11:51:18 IST" duration-ms="1" status="PASS">
          <reporter-output>
          </reporter-output>
        </test-method> <!-- beforeTest -->
        <test-method signature="getFirstElementInBGIScaled()[pri:4, instance:com.synechron.restapi.Training.response.jsonpath.ValidateResponseBodyUsingJsonPath@74235045]" started-at="2024-04-21T11:51:18 IST" name="getFirstElementInBGIScaled" finished-at="2024-04-21T11:51:18 IST" duration-ms="31" status="PASS">
          <reporter-output>
          </reporter-output>
        </test-method> <!-- getFirstElementInBGIScaled -->
        <test-method is-config="true" signature="afterTest(org.testng.ITestResult)[pri:0, instance:com.synechron.restapi.Training.response.jsonpath.ValidateResponseBodyUsingJsonPath@74235045]" started-at="2024-04-21T11:51:18 IST" name="afterTest" finished-at="2024-04-21T11:51:18 IST" duration-ms="1" status="PASS">
          <params>
            <param index="0">
              <value>
                <![CDATA[[TestResult name=getFirstElementInBGIScaled status=SUCCESS method=ValidateResponseBodyUsingJsonPath.getFirstElementInBGIScaled()[pri:4, instance:com.synechron.restapi.Training.response.jsonpath.ValidateResponseBodyUsingJsonPath@74235045] output={null}]]]>
              </value>
            </param>
          </params>
          <reporter-output>
          </reporter-output>
        </test-method> <!-- afterTest -->
      </class> <!-- com.synechron.restapi.Training.response.jsonpath.ValidateResponseBodyUsingJsonPath -->
    </test> <!-- Default test -->
  </suite> <!-- Default suite -->
</testng-results>
