<?xml version="1.0" encoding="UTF-8"?>
<!-- Generated by org.testng.reporters.JUnitXMLReporter -->
<testsuite ignored="0" hostname="ARAVINDA-DELL-PERSONAL" failures="0" tests="7" name="Default test" time="4.795" errors="0" timestamp="2024-04-21T11:51:18 IST">
  <testcase classname="com.synechron.restapi.Training.response.jsonpath.ValidateResponseBodyUsingJsonPath" name="getAllBGIScaled" time="1.052"/>
  <testcase classname="com.synechron.restapi.Training.response.jsonpath.ValidateResponseBodyUsingJsonPath" name="getAllUrlWithWidthGreaterThan1000" time="0.154"/>
  <testcase classname="com.synechron.restapi.Training.response.jsonpath.ValidateResponseBodyUsingJsonPath" name="getAllWidthGreaterThan1000" time="0.037"/>
  <testcase classname="com.synechron.restapi.Training.response.jsonpath.ValidateResponseBodyUsingJsonPath" name="getID" time="0.028"/>
  <testcase classname="com.synechron.restapi.Training.response.jsonpath.ValidateResponseBodyUsingJsonPath" name="getName" time="0.05"/>
  <testcase classname="com.synechron.restapi.Training.response.jsonpath.ValidateResponseBodyUsingJsonPath" name="getAllUrlsFrombackgroundImageScaled" time="0.303"/>
  <testcase classname="com.synechron.restapi.Training.response.jsonpath.ValidateResponseBodyUsingJsonPath" name="getFirstElementInBGIScaled" time="0.031"/>
</testsuite> <!-- Default test -->
