<?xml version="1.0" encoding="UTF-8"?>
<!-- Generated by org.testng.reporters.JUnitXMLReporter -->
<testsuite ignored="0" hostname="ARAVINDA-DELL-PERSONAL" failures="0" tests="10" name="Default test" time="3.884" errors="0" timestamp="2024-04-21T12:30:47 IST">
  <testcase classname="com.synechron.restapi.Training.response.vresponse.ValidatableResponseDemo" name="getID" time="0.784"/>
  <testcase classname="com.synechron.restapi.Training.response.vresponse.ValidatableResponseDemo" name="getName" time="0.042"/>
  <testcase classname="com.synechron.restapi.Training.response.vresponse.ValidatableResponseDemo" name="getAllUrlsFrombackgroundImageScaled" time="0.349"/>
  <testcase classname="com.synechron.restapi.Training.response.vresponse.ValidatableResponseDemo" name="getFirstElementInBGIScaled" time="0.032"/>
  <testcase classname="com.synechron.restapi.Training.response.vresponse.ValidatableResponseDemo" name="getAllBGIScaled" time="0.032"/>
  <testcase classname="com.synechron.restapi.Training.response.vresponse.ValidatableResponseDemo" name="getAllWidthGreaterThan1000" time="0.093"/>
  <testcase classname="com.synechron.restapi.Training.response.vresponse.ValidatableResponseDemo" name="getAllUrlWithWidthGreaterThan1000" time="0.031"/>
  <testcase classname="com.synechron.restapi.Training.response.vresponse.ValidatableResponseDemo" name="getElementWithMaxWidthInBGIScaled" time="0.036"/>
  <testcase classname="com.synechron.restapi.Training.response.vresponse.ValidatableResponseDemo" name="getElementWithMinWidthInBGIScaled" time="0.038"/>
  <testcase classname="com.synechron.restapi.Training.response.vresponse.ValidatableResponseDemo" name="getURLWithMinWidthInBGIScaled" time="0.027"/>
</testsuite> <!-- Default test -->
